compose-demo/build/intermediates/manifest_merge_blame_file/debug/processDebugMainManifest/manifest-merger-blame-debug-report.txt
1<?xml version="1.0" encoding="utf-8"?>
2<manifest xmlns:android="http://schemas.android.com/apk/res/android"
3    package="com.vinivia.compose.demo"
4    android:versionCode="1"
5    android:versionName="1.0" >
6
7    <uses-sdk
8        android:minSdkVersion="24"
9        android:targetSdkVersion="34" />
10
11    <uses-permission android:name="android.permission.CAMERA" />
11-->src/main/AndroidManifest.xml:4:5-65
11-->src/main/AndroidManifest.xml:4:22-62
12
13    <uses-feature
13-->src/main/AndroidManifest.xml:5:5-84
14        android:name="android.hardware.camera"
14-->src/main/AndroidManifest.xml:5:19-57
15        android:required="true" />
15-->src/main/AndroidManifest.xml:5:58-81
16    <uses-feature android:glEsVersion="0x00020000" />
16-->[:viniviaSDK] AndroidManifest.xml:24:5-54
16-->[:viniviaSDK] AndroidManifest.xml:24:19-51
17
18    <uses-permission android:name="android.permission.READ_EXTERNAL_STORAGE" />
18-->[:viniviaSDK] AndroidManifest.xml:28:5-80
18-->[:viniviaSDK] AndroidManifest.xml:28:22-77
19
20    <queries>
20-->[androidx.camera:camera-extensions:1.3.1] AndroidManifest.xml:22:5-26:15
21        <intent>
21-->[androidx.camera:camera-extensions:1.3.1] AndroidManifest.xml:23:9-25:18
22            <action android:name="androidx.camera.extensions.action.VENDOR_ACTION" />
22-->[androidx.camera:camera-extensions:1.3.1] AndroidManifest.xml:24:13-86
22-->[androidx.camera:camera-extensions:1.3.1] AndroidManifest.xml:24:21-83
23        </intent>
24    </queries>
25
26    <permission
26-->[androidx.core:core:1.12.0] AndroidManifest.xml:22:5-24:47
27        android:name="com.vinivia.compose.demo.DYNAMIC_RECEIVER_NOT_EXPORTED_PERMISSION"
27-->[androidx.core:core:1.12.0] AndroidManifest.xml:23:9-81
28        android:protectionLevel="signature" />
28-->[androidx.core:core:1.12.0] AndroidManifest.xml:24:9-44
29
30    <uses-permission android:name="com.vinivia.compose.demo.DYNAMIC_RECEIVER_NOT_EXPORTED_PERMISSION" />
30-->[androidx.core:core:1.12.0] AndroidManifest.xml:26:5-97
30-->[androidx.core:core:1.12.0] AndroidManifest.xml:26:22-94
31    <uses-permission android:name="android.permission.REORDER_TASKS" />
31-->[androidx.test:core:1.5.0] AndroidManifest.xml:24:5-72
31-->[androidx.test:core:1.5.0] AndroidManifest.xml:24:22-69
32
33    <application
33-->src/main/AndroidManifest.xml:7:5-24:19
34        android:allowBackup="true"
34-->src/main/AndroidManifest.xml:8:9-35
35        android:appComponentFactory="androidx.core.app.CoreComponentFactory"
35-->[androidx.core:core:1.12.0] AndroidManifest.xml:28:18-86
36        android:debuggable="true"
37        android:exported="true"
37-->src/main/AndroidManifest.xml:12:9-32
38        android:extractNativeLibs="false"
39        android:icon="@android:drawable/ic_dialog_info"
39-->src/main/AndroidManifest.xml:9:9-56
40        android:label="Vinivia Compose Demo"
40-->src/main/AndroidManifest.xml:10:9-45
41        android:testOnly="true"
42        android:theme="@style/Theme.Material3.DayNight" >
42-->src/main/AndroidManifest.xml:11:9-56
43        <activity
43-->src/main/AndroidManifest.xml:14:9-22:20
44            android:name="com.vinivia.compose.demo.MainActivity"
44-->src/main/AndroidManifest.xml:15:13-41
45            android:exported="true"
45-->src/main/AndroidManifest.xml:16:13-36
46            android:theme="@style/Theme.Material3.DayNight" >
46-->src/main/AndroidManifest.xml:17:13-60
47            <intent-filter>
47-->src/main/AndroidManifest.xml:18:13-21:29
48                <action android:name="android.intent.action.MAIN" />
48-->src/main/AndroidManifest.xml:19:17-69
48-->src/main/AndroidManifest.xml:19:25-66
49
50                <category android:name="android.intent.category.LAUNCHER" />
50-->src/main/AndroidManifest.xml:20:17-77
50-->src/main/AndroidManifest.xml:20:27-74
51            </intent-filter>
52        </activity>
53
54        <uses-library
54-->[androidx.camera:camera-extensions:1.3.1] AndroidManifest.xml:29:9-31:40
55            android:name="androidx.camera.extensions.impl"
55-->[androidx.camera:camera-extensions:1.3.1] AndroidManifest.xml:30:13-59
56            android:required="false" />
56-->[androidx.camera:camera-extensions:1.3.1] AndroidManifest.xml:31:13-37
57
58        <service
58-->[androidx.camera:camera-camera2:1.3.1] AndroidManifest.xml:24:9-33:19
59            android:name="androidx.camera.core.impl.MetadataHolderService"
59-->[androidx.camera:camera-camera2:1.3.1] AndroidManifest.xml:25:13-75
60            android:enabled="false"
60-->[androidx.camera:camera-camera2:1.3.1] AndroidManifest.xml:26:13-36
61            android:exported="false" >
61-->[androidx.camera:camera-camera2:1.3.1] AndroidManifest.xml:27:13-37
62            <meta-data
62-->[androidx.camera:camera-camera2:1.3.1] AndroidManifest.xml:30:13-32:89
63                android:name="androidx.camera.core.impl.MetadataHolderService.DEFAULT_CONFIG_PROVIDER"
63-->[androidx.camera:camera-camera2:1.3.1] AndroidManifest.xml:31:17-103
64                android:value="androidx.camera.camera2.Camera2Config$DefaultProvider" />
64-->[androidx.camera:camera-camera2:1.3.1] AndroidManifest.xml:32:17-86
65        </service>
66
67        <uses-library
67-->[androidx.window:window:1.2.0] AndroidManifest.xml:23:9-25:40
68            android:name="androidx.window.extensions"
68-->[androidx.window:window:1.2.0] AndroidManifest.xml:24:13-54
69            android:required="false" />
69-->[androidx.window:window:1.2.0] AndroidManifest.xml:25:13-37
70        <uses-library
70-->[androidx.window:window:1.2.0] AndroidManifest.xml:26:9-28:40
71            android:name="androidx.window.sidecar"
71-->[androidx.window:window:1.2.0] AndroidManifest.xml:27:13-51
72            android:required="false" />
72-->[androidx.window:window:1.2.0] AndroidManifest.xml:28:13-37
73
74        <activity
74-->[androidx.compose.ui:ui-tooling-android:1.5.4] AndroidManifest.xml:23:9-25:39
75            android:name="androidx.compose.ui.tooling.PreviewActivity"
75-->[androidx.compose.ui:ui-tooling-android:1.5.4] AndroidManifest.xml:24:13-71
76            android:exported="true" />
76-->[androidx.compose.ui:ui-tooling-android:1.5.4] AndroidManifest.xml:25:13-36
77        <activity
77-->[androidx.compose.ui:ui-test-manifest:1.5.4] AndroidManifest.xml:23:9-25:39
78            android:name="androidx.activity.ComponentActivity"
78-->[androidx.compose.ui:ui-test-manifest:1.5.4] AndroidManifest.xml:24:13-63
79            android:exported="true" />
79-->[androidx.compose.ui:ui-test-manifest:1.5.4] AndroidManifest.xml:25:13-36
80
81        <provider
81-->[androidx.emoji2:emoji2:1.4.0] AndroidManifest.xml:24:9-32:20
82            android:name="androidx.startup.InitializationProvider"
82-->[androidx.emoji2:emoji2:1.4.0] AndroidManifest.xml:25:13-67
83            android:authorities="com.vinivia.compose.demo.androidx-startup"
83-->[androidx.emoji2:emoji2:1.4.0] AndroidManifest.xml:26:13-68
84            android:exported="false" >
84-->[androidx.emoji2:emoji2:1.4.0] AndroidManifest.xml:27:13-37
85            <meta-data
85-->[androidx.emoji2:emoji2:1.4.0] AndroidManifest.xml:29:13-31:52
86                android:name="androidx.emoji2.text.EmojiCompatInitializer"
86-->[androidx.emoji2:emoji2:1.4.0] AndroidManifest.xml:30:17-75
87                android:value="androidx.startup" />
87-->[androidx.emoji2:emoji2:1.4.0] AndroidManifest.xml:31:17-49
88            <meta-data
88-->[androidx.lifecycle:lifecycle-process:2.7.0] AndroidManifest.xml:29:13-31:52
89                android:name="androidx.lifecycle.ProcessLifecycleInitializer"
89-->[androidx.lifecycle:lifecycle-process:2.7.0] AndroidManifest.xml:30:17-78
90                android:value="androidx.startup" />
90-->[androidx.lifecycle:lifecycle-process:2.7.0] AndroidManifest.xml:31:17-49
91            <meta-data
91-->[androidx.profileinstaller:profileinstaller:1.3.0] AndroidManifest.xml:29:13-31:52
92                android:name="androidx.profileinstaller.ProfileInstallerInitializer"
92-->[androidx.profileinstaller:profileinstaller:1.3.0] AndroidManifest.xml:30:17-85
93                android:value="androidx.startup" />
93-->[androidx.profileinstaller:profileinstaller:1.3.0] AndroidManifest.xml:31:17-49
94        </provider>
95
96        <activity
96-->[androidx.test:core:1.5.0] AndroidManifest.xml:27:9-34:20
97            android:name="androidx.test.core.app.InstrumentationActivityInvoker$BootstrapActivity"
97-->[androidx.test:core:1.5.0] AndroidManifest.xml:28:13-99
98            android:exported="true"
98-->[androidx.test:core:1.5.0] AndroidManifest.xml:29:13-36
99            android:theme="@style/WhiteBackgroundTheme" >
99-->[androidx.test:core:1.5.0] AndroidManifest.xml:30:13-56
100            <intent-filter android:priority="-100" >
100-->[androidx.test:core:1.5.0] AndroidManifest.xml:31:13-33:29
100-->[androidx.test:core:1.5.0] AndroidManifest.xml:31:28-51
101                <category android:name="android.intent.category.LAUNCHER" />
101-->src/main/AndroidManifest.xml:20:17-77
101-->src/main/AndroidManifest.xml:20:27-74
102            </intent-filter>
103        </activity>
104        <activity
104-->[androidx.test:core:1.5.0] AndroidManifest.xml:35:9-42:20
105            android:name="androidx.test.core.app.InstrumentationActivityInvoker$EmptyActivity"
105-->[androidx.test:core:1.5.0] AndroidManifest.xml:36:13-95
106            android:exported="true"
106-->[androidx.test:core:1.5.0] AndroidManifest.xml:37:13-36
107            android:theme="@style/WhiteBackgroundTheme" >
107-->[androidx.test:core:1.5.0] AndroidManifest.xml:38:13-56
108            <intent-filter android:priority="-100" >
108-->[androidx.test:core:1.5.0] AndroidManifest.xml:31:13-33:29
108-->[androidx.test:core:1.5.0] AndroidManifest.xml:31:28-51
109                <category android:name="android.intent.category.LAUNCHER" />
109-->src/main/AndroidManifest.xml:20:17-77
109-->src/main/AndroidManifest.xml:20:27-74
110            </intent-filter>
111        </activity>
112        <activity
112-->[androidx.test:core:1.5.0] AndroidManifest.xml:43:9-50:20
113            android:name="androidx.test.core.app.InstrumentationActivityInvoker$EmptyFloatingActivity"
113-->[androidx.test:core:1.5.0] AndroidManifest.xml:44:13-103
114            android:exported="true"
114-->[androidx.test:core:1.5.0] AndroidManifest.xml:45:13-36
115            android:theme="@style/WhiteBackgroundDialogTheme" >
115-->[androidx.test:core:1.5.0] AndroidManifest.xml:46:13-62
116            <intent-filter android:priority="-100" >
116-->[androidx.test:core:1.5.0] AndroidManifest.xml:31:13-33:29
116-->[androidx.test:core:1.5.0] AndroidManifest.xml:31:28-51
117                <category android:name="android.intent.category.LAUNCHER" />
117-->src/main/AndroidManifest.xml:20:17-77
117-->src/main/AndroidManifest.xml:20:27-74
118            </intent-filter>
119        </activity>
120
121        <receiver
121-->[androidx.profileinstaller:profileinstaller:1.3.0] AndroidManifest.xml:34:9-52:20
122            android:name="androidx.profileinstaller.ProfileInstallReceiver"
122-->[androidx.profileinstaller:profileinstaller:1.3.0] AndroidManifest.xml:35:13-76
123            android:directBootAware="false"
123-->[androidx.profileinstaller:profileinstaller:1.3.0] AndroidManifest.xml:36:13-44
124            android:enabled="true"
124-->[androidx.profileinstaller:profileinstaller:1.3.0] AndroidManifest.xml:37:13-35
125            android:exported="true"
125-->[androidx.profileinstaller:profileinstaller:1.3.0] AndroidManifest.xml:38:13-36
126            android:permission="android.permission.DUMP" >
126-->[androidx.profileinstaller:profileinstaller:1.3.0] AndroidManifest.xml:39:13-57
127            <intent-filter>
127-->[androidx.profileinstaller:profileinstaller:1.3.0] AndroidManifest.xml:40:13-42:29
128                <action android:name="androidx.profileinstaller.action.INSTALL_PROFILE" />
128-->[androidx.profileinstaller:profileinstaller:1.3.0] AndroidManifest.xml:41:17-91
128-->[androidx.profileinstaller:profileinstaller:1.3.0] AndroidManifest.xml:41:25-88
129            </intent-filter>
130            <intent-filter>
130-->[androidx.profileinstaller:profileinstaller:1.3.0] AndroidManifest.xml:43:13-45:29
131                <action android:name="androidx.profileinstaller.action.SKIP_FILE" />
131-->[androidx.profileinstaller:profileinstaller:1.3.0] AndroidManifest.xml:44:17-85
131-->[androidx.profileinstaller:profileinstaller:1.3.0] AndroidManifest.xml:44:25-82
132            </intent-filter>
133            <intent-filter>
133-->[androidx.profileinstaller:profileinstaller:1.3.0] AndroidManifest.xml:46:13-48:29
134                <action android:name="androidx.profileinstaller.action.SAVE_PROFILE" />
134-->[androidx.profileinstaller:profileinstaller:1.3.0] AndroidManifest.xml:47:17-88
134-->[androidx.profileinstaller:profileinstaller:1.3.0] AndroidManifest.xml:47:25-85
135            </intent-filter>
136            <intent-filter>
136-->[androidx.profileinstaller:profileinstaller:1.3.0] AndroidManifest.xml:49:13-51:29
137                <action android:name="androidx.profileinstaller.action.BENCHMARK_OPERATION" />
137-->[androidx.profileinstaller:profileinstaller:1.3.0] AndroidManifest.xml:50:17-95
137-->[androidx.profileinstaller:profileinstaller:1.3.0] AndroidManifest.xml:50:25-92
138            </intent-filter>
139        </receiver>
140    </application>
141
142</manifest>